
#########################################################
# 和平营地 # 2024-06-07 00:10:51
签到成功
正在清理点赞: 1103858352
>清赞成功
正在清理点赞: 1103858278
>清赞成功
正在清理点赞: 1103858285
>清赞成功
>正在清理点赞: 212684643
>清赞成功
>正在清理点赞: 212535877
>清赞成功
>正在清理点赞: 212695662
>清赞成功
正在完成任务: 26-本日通过和平营地启动1次游戏
>任务失败: 26-本日通过和平营地启动1次游戏
正在完成任务: 27-本日取胜1局计分模式（前五）
>任务失败: 27-本日取胜1局计分模式（前五）
正在完成任务: 28-本日为资讯点赞3次
>任务成功: 28-本日为资讯点赞3次
正在完成任务: 29-本日为动态点赞3次
>任务成功: 29-本日为动态点赞3次
正在完成任务: 30-本日浏览资讯5分钟
>任务成功: 30-本日浏览资讯5分钟
正在完成任务: 31-本日观看直播5分钟
>任务成功: 31-本日观看直播5分钟
正在完成任务: 34-本日分享资讯到社交网络
>任务成功: 34-本日分享资讯到社交网络
正在完成任务: 36-观看PEL赛事直播5分钟
>任务成功: 36-观看PEL赛事直播5分钟
正在领取礼包: 1-福利币*100
>已领取礼包: 1-福利币*100
正在领取礼包: 2-营地装饰碎片*50
>已领取礼包: 2-营地装饰碎片*50
正在领取礼包: 3-福利币*200
>已领取礼包: 3-福利币*200
#########################################################
#########################################################
# 王者营地 # 2024-06-07 00:11:29
正在完成任务: 2024010800001-当日浏览营地1篇资讯
>任务成功: 2024010800001-当日浏览营地1篇资讯
正在完成任务: 2023091500002-每天任意点赞营地1条内容
>任务成功: 2023091500002-每天任意点赞营地1条内容
正在完成任务: 2024010800004-分享王者营地任一内容到社交网络
>任务成功: 2024010800004-分享王者营地任一内容到社交网络
正在完成任务: 2024010800002-限时任务：前往任意游戏专区签到1次
>任务成功: 2024010800002-限时任务：前往任意游戏专区签到1次
>领取成功: 3
#########################################################
